
*** Running vivado
    with args -log SPI_top_module.vdi -applog -m64 -product Vivado -messageDb vivado.pb -mode batch -source SPI_top_module.tcl -notrace


****** Vivado v2018.2 (64-bit)
  **** SW Build 2258646 on Thu Jun 14 20:03:12 MDT 2018
  **** IP Build 2256618 on Thu Jun 14 22:10:49 MDT 2018
    ** Copyright 1986-2018 Xilinx, Inc. All Rights Reserved.

source SPI_top_module.tcl -notrace
Command: open_checkpoint {E:/2025 Courses/Digital_Diploma/Digital_Design_Projects/Project_2/vivado/vivado.runs/impl_1/SPI_top_module.dcp}

Starting open_checkpoint Task

Time (s): cpu = 00:00:00 ; elapsed = 00:00:00.032 . Memory (MB): peak = 228.367 ; gain = 0.000
INFO: [Netlist 29-17] Analyzing 5 Unisim elements for replacement
INFO: [Netlist 29-28] Unisim Transformation completed in 0 CPU seconds
INFO: [Project 1-479] Netlist was created with Vivado 2018.2
INFO: [Device 21-403] Loading part xc7a35ticpg236-1L
INFO: [Project 1-570] Preparing netlist for logic optimization
INFO: [Timing 38-478] Restoring timing data from binary archive.
INFO: [Timing 38-479] Binary timing data restore complete.
INFO: [Project 1-856] Restoring constraints from binary archive.
INFO: [Project 1-853] Binary constraint restore complete.
Reading XDEF placement.
Reading placer database...
Reading XDEF routing.
Read XDEF File: Time (s): cpu = 00:00:00 ; elapsed = 00:00:00.083 . Memory (MB): peak = 1068.402 ; gain = 0.000
Restored from archive | CPU: 0.000000 secs | Memory: 0.000000 MB |
Finished XDEF File Restore: Time (s): cpu = 00:00:00 ; elapsed = 00:00:00.084 . Memory (MB): peak = 1068.402 ; gain = 0.000
INFO: [Project 1-111] Unisim Transformation Summary:
No Unisim elements were transformed.

INFO: [Project 1-604] Checkpoint was created with Vivado v2018.2 (64-bit) build 2258646
open_checkpoint: Time (s): cpu = 00:00:31 ; elapsed = 00:00:35 . Memory (MB): peak = 1068.402 ; gain = 847.938
Command: opt_design
Attempting to get a license for feature 'Implementation' and/or device 'xc7a35ti'
INFO: [Common 17-349] Got license for feature 'Implementation' and/or device 'xc7a35ti'
Running DRC as a precondition to command opt_design

Starting DRC Task
INFO: [DRC 23-27] Running DRC with 2 threads
INFO: [Project 1-461] DRC finished with 0 Errors
INFO: [Project 1-462] Please refer to the DRC report (report_drc) for more information.

Time (s): cpu = 00:00:01 ; elapsed = 00:00:00.565 . Memory (MB): peak = 1068.402 ; gain = 0.000

Starting Cache Timing Information Task
INFO: [Timing 38-35] Done setting XDC timing constraints.
Ending Cache Timing Information Task | Checksum: b00bb444

Time (s): cpu = 00:00:00 ; elapsed = 00:00:00.040 . Memory (MB): peak = 1109.906 ; gain = 41.504

Starting Logic Optimization Task

Phase 1 Generate And Synthesize Debug Cores
INFO: [Chipscope 16-329] Generating Script for core instance : dbg_hub 
INFO: [IP_Flow 19-234] Refreshing IP repositories
INFO: [IP_Flow 19-1704] No user IP repositories specified
INFO: [IP_Flow 19-2313] Loaded Vivado IP repository 'E:/Xilinx/Vivado/2018.2/data/ip'.
INFO: [IP_Flow 19-3806] Processing IP xilinx.com:ip:xsdbm:3.0 for cell dbg_hub_CV.
INFO: [Chipscope 16-329] Generating Script for core instance : u_ila_0 
INFO: [IP_Flow 19-3806] Processing IP xilinx.com:ip:ila:6.2 for cell u_ila_0_CV.
Netlist sorting complete. Time (s): cpu = 00:00:00 ; elapsed = 00:00:00.049 . Memory (MB): peak = 1261.422 ; gain = 0.000
Phase 1 Generate And Synthesize Debug Cores | Checksum: be5465df

Time (s): cpu = 00:00:03 ; elapsed = 00:02:32 . Memory (MB): peak = 1261.422 ; gain = 151.516

Phase 2 Retarget
INFO: [Opt 31-138] Pushed 1 inverter(s) to 1 load pin(s).
INFO: [Opt 31-49] Retargeted 0 cell(s).
Phase 2 Retarget | Checksum: ebff9996

Time (s): cpu = 00:00:03 ; elapsed = 00:02:32 . Memory (MB): peak = 1261.422 ; gain = 151.516
INFO: [Opt 31-389] Phase Retarget created 0 cells and removed 0 cells

Phase 3 Constant propagation
INFO: [Opt 31-138] Pushed 0 inverter(s) to 0 load pin(s).
Phase 3 Constant propagation | Checksum: aec1215d

Time (s): cpu = 00:00:03 ; elapsed = 00:02:32 . Memory (MB): peak = 1261.422 ; gain = 151.516
INFO: [Opt 31-389] Phase Constant propagation created 0 cells and removed 16 cells

Phase 4 Sweep
Phase 4 Sweep | Checksum: 143b25108

Time (s): cpu = 00:00:03 ; elapsed = 00:02:32 . Memory (MB): peak = 1261.422 ; gain = 151.516
INFO: [Opt 31-389] Phase Sweep created 0 cells and removed 68 cells

Phase 5 BUFG optimization
Phase 5 BUFG optimization | Checksum: 143b25108

Time (s): cpu = 00:00:04 ; elapsed = 00:02:32 . Memory (MB): peak = 1261.422 ; gain = 151.516
INFO: [Opt 31-662] Phase BUFG optimization created 0 cells of which 0 are BUFGs and removed 0 cells.

Phase 6 Shift Register Optimization
Phase 6 Shift Register Optimization | Checksum: 15dd08717

Time (s): cpu = 00:00:04 ; elapsed = 00:02:32 . Memory (MB): peak = 1261.422 ; gain = 151.516
INFO: [Opt 31-389] Phase Shift Register Optimization created 0 cells and removed 0 cells

Phase 7 Post Processing Netlist
Phase 7 Post Processing Netlist | Checksum: 15dd08717

Time (s): cpu = 00:00:04 ; elapsed = 00:02:32 . Memory (MB): peak = 1261.422 ; gain = 151.516
INFO: [Opt 31-389] Phase Post Processing Netlist created 0 cells and removed 0 cells

Starting Connectivity Check Task

Time (s): cpu = 00:00:00 ; elapsed = 00:00:00.009 . Memory (MB): peak = 1261.422 ; gain = 0.000
Ending Logic Optimization Task | Checksum: 15dd08717

Time (s): cpu = 00:00:04 ; elapsed = 00:02:32 . Memory (MB): peak = 1261.422 ; gain = 151.516

Starting Power Optimization Task
INFO: [Pwropt 34-132] Skipping clock gating for clocks with a period < 2.00 ns.
INFO: [Timing 38-35] Done setting XDC timing constraints.
INFO: [Pwropt 34-9] Applying IDT optimizations ...
INFO: [Pwropt 34-10] Applying ODC optimizations ...
INFO: [Physopt 32-619] Estimated Timing Summary | WNS=4.856 | TNS=0.000 |
Running Vector-less Activity Propagation...

Finished Running Vector-less Activity Propagation


Starting PowerOpt Patch Enables Task
INFO: [Pwropt 34-162] WRITE_MODE attribute of 0 BRAM(s) out of a total of 2 has been updated to save power. Run report_power_opt to get a complete listing of the BRAMs updated.
INFO: [Pwropt 34-201] Structural ODC has moved 0 WE to EN ports
Number of BRAM Ports augmented: 1 newly gated: 0 Total Ports: 4
Ending PowerOpt Patch Enables Task | Checksum: 1271b637b

Time (s): cpu = 00:00:00 ; elapsed = 00:00:00.022 . Memory (MB): peak = 1436.605 ; gain = 0.000
Ending Power Optimization Task | Checksum: 1271b637b

Time (s): cpu = 00:00:01 ; elapsed = 00:00:02 . Memory (MB): peak = 1436.605 ; gain = 175.184

Starting Final Cleanup Task
Ending Final Cleanup Task | Checksum: 1271b637b

Time (s): cpu = 00:00:00 ; elapsed = 00:00:00.001 . Memory (MB): peak = 1436.605 ; gain = 0.000
INFO: [Common 17-83] Releasing license: Implementation
45 Infos, 0 Warnings, 0 Critical Warnings and 0 Errors encountered.
opt_design completed successfully
opt_design: Time (s): cpu = 00:00:06 ; elapsed = 00:02:35 . Memory (MB): peak = 1436.605 ; gain = 368.203
INFO: [Timing 38-480] Writing timing data to binary archive.
Writing placer database...
Writing XDEF routing.
Writing XDEF routing logical nets.
Writing XDEF routing special nets.
Write XDEF Complete: Time (s): cpu = 00:00:01 ; elapsed = 00:00:00.031 . Memory (MB): peak = 1436.605 ; gain = 0.000
INFO: [Common 17-1381] The checkpoint 'E:/2025 Courses/Digital_Diploma/Digital_Design_Projects/Project_2/vivado/vivado.runs/impl_1/SPI_top_module_opt.dcp' has been generated.
INFO: [runtcl-4] Executing : report_drc -file SPI_top_module_drc_opted.rpt -pb SPI_top_module_drc_opted.pb -rpx SPI_top_module_drc_opted.rpx
Command: report_drc -file SPI_top_module_drc_opted.rpt -pb SPI_top_module_drc_opted.pb -rpx SPI_top_module_drc_opted.rpx
INFO: [IP_Flow 19-1839] IP Catalog is up to date.
INFO: [DRC 23-27] Running DRC with 2 threads
INFO: [Coretcl 2-168] The results of DRC are in file E:/2025 Courses/Digital_Diploma/Digital_Design_Projects/Project_2/vivado/vivado.runs/impl_1/SPI_top_module_drc_opted.rpt.
report_drc completed successfully
INFO: [Chipscope 16-240] Debug cores have already been implemented
Command: place_design
Attempting to get a license for feature 'Implementation' and/or device 'xc7a35ti'
INFO: [Common 17-349] Got license for feature 'Implementation' and/or device 'xc7a35ti'
INFO: [DRC 23-27] Running DRC with 2 threads
INFO: [Vivado_Tcl 4-198] DRC finished with 0 Errors
INFO: [Vivado_Tcl 4-199] Please refer to the DRC report (report_drc) for more information.
Running DRC as a precondition to command place_design
INFO: [DRC 23-27] Running DRC with 2 threads
INFO: [Vivado_Tcl 4-198] DRC finished with 0 Errors
INFO: [Vivado_Tcl 4-199] Please refer to the DRC report (report_drc) for more information.

Starting Placer Task
INFO: [Place 30-611] Multithreading enabled for place_design using a maximum of 2 CPUs

Phase 1 Placer Initialization

Phase 1.1 Placer Initialization Netlist Sorting
Netlist sorting complete. Time (s): cpu = 00:00:00 ; elapsed = 00:00:00.007 . Memory (MB): peak = 1436.605 ; gain = 0.000
Phase 1.1 Placer Initialization Netlist Sorting | Checksum: bfacd537

Time (s): cpu = 00:00:00 ; elapsed = 00:00:00.012 . Memory (MB): peak = 1436.605 ; gain = 0.000
INFO: [Timing 38-35] Done setting XDC timing constraints.
INFO: [Opt 31-138] Pushed 0 inverter(s) to 0 load pin(s).
Netlist sorting complete. Time (s): cpu = 00:00:00 ; elapsed = 00:00:00.007 . Memory (MB): peak = 1436.605 ; gain = 0.000

Phase 1.2 IO Placement/ Clock Placement/ Build Placer Device
INFO: [Timing 38-35] Done setting XDC timing constraints.
Phase 1.2 IO Placement/ Clock Placement/ Build Placer Device | Checksum: 88dac098

Time (s): cpu = 00:00:03 ; elapsed = 00:00:02 . Memory (MB): peak = 1436.605 ; gain = 0.000

Phase 1.3 Build Placer Netlist Model
Phase 1.3 Build Placer Netlist Model | Checksum: 107ee4fce

Time (s): cpu = 00:00:04 ; elapsed = 00:00:03 . Memory (MB): peak = 1436.605 ; gain = 0.000

Phase 1.4 Constrain Clocks/Macros
Phase 1.4 Constrain Clocks/Macros | Checksum: 107ee4fce

Time (s): cpu = 00:00:04 ; elapsed = 00:00:03 . Memory (MB): peak = 1436.605 ; gain = 0.000
Phase 1 Placer Initialization | Checksum: 107ee4fce

Time (s): cpu = 00:00:04 ; elapsed = 00:00:03 . Memory (MB): peak = 1436.605 ; gain = 0.000

Phase 2 Global Placement

Phase 2.1 Floorplanning
Phase 2.1 Floorplanning | Checksum: 115d5551e

Time (s): cpu = 00:00:04 ; elapsed = 00:00:03 . Memory (MB): peak = 1436.605 ; gain = 0.000

Phase 2.2 Physical Synthesis In Placer
INFO: [Physopt 32-65] No nets found for high-fanout optimization.
INFO: [Physopt 32-232] Optimized 0 net. Created 0 new instance.
INFO: [Physopt 32-775] End 1 Pass. Optimized 0 net or cell. Created 0 new cell, deleted 0 existing cell and moved 0 existing cell
Netlist sorting complete. Time (s): cpu = 00:00:00 ; elapsed = 00:00:00.005 . Memory (MB): peak = 1436.605 ; gain = 0.000

Summary of Physical Synthesis Optimizations
============================================


-----------------------------------------------------------------------------------------------------------------------------
|  Optimization       |  Added Cells  |  Removed Cells  |  Optimized Cells/Nets  |  Dont Touch  |  Iterations  |  Elapsed   |
-----------------------------------------------------------------------------------------------------------------------------
|  Very High Fanout   |            0  |              0  |                     0  |           0  |           1  |  00:00:00  |
|  Total              |            0  |              0  |                     0  |           0  |           1  |  00:00:00  |
-----------------------------------------------------------------------------------------------------------------------------


Phase 2.2 Physical Synthesis In Placer | Checksum: c17d5ef4

Time (s): cpu = 00:00:07 ; elapsed = 00:00:06 . Memory (MB): peak = 1436.605 ; gain = 0.000
Phase 2 Global Placement | Checksum: d47da357

Time (s): cpu = 00:00:07 ; elapsed = 00:00:06 . Memory (MB): peak = 1436.605 ; gain = 0.000

Phase 3 Detail Placement

Phase 3.1 Commit Multi Column Macros
Phase 3.1 Commit Multi Column Macros | Checksum: d47da357

Time (s): cpu = 00:00:07 ; elapsed = 00:00:06 . Memory (MB): peak = 1436.605 ; gain = 0.000

Phase 3.2 Commit Most Macros & LUTRAMs
Phase 3.2 Commit Most Macros & LUTRAMs | Checksum: 155d1fe21

Time (s): cpu = 00:00:08 ; elapsed = 00:00:06 . Memory (MB): peak = 1436.605 ; gain = 0.000

Phase 3.3 Area Swap Optimization
Phase 3.3 Area Swap Optimization | Checksum: 97f9786b

Time (s): cpu = 00:00:08 ; elapsed = 00:00:06 . Memory (MB): peak = 1436.605 ; gain = 0.000

Phase 3.4 Pipeline Register Optimization
Phase 3.4 Pipeline Register Optimization | Checksum: e95a6730

Time (s): cpu = 00:00:08 ; elapsed = 00:00:06 . Memory (MB): peak = 1436.605 ; gain = 0.000

Phase 3.5 Small Shape Detail Placement
Phase 3.5 Small Shape Detail Placement | Checksum: e8da6e4f

Time (s): cpu = 00:00:08 ; elapsed = 00:00:08 . Memory (MB): peak = 1436.605 ; gain = 0.000

Phase 3.6 Re-assign LUT pins
Phase 3.6 Re-assign LUT pins | Checksum: bd2c09da

Time (s): cpu = 00:00:09 ; elapsed = 00:00:08 . Memory (MB): peak = 1436.605 ; gain = 0.000

Phase 3.7 Pipeline Register Optimization
Phase 3.7 Pipeline Register Optimization | Checksum: bd2c09da

Time (s): cpu = 00:00:09 ; elapsed = 00:00:08 . Memory (MB): peak = 1436.605 ; gain = 0.000
Phase 3 Detail Placement | Checksum: bd2c09da

Time (s): cpu = 00:00:09 ; elapsed = 00:00:08 . Memory (MB): peak = 1436.605 ; gain = 0.000

Phase 4 Post Placement Optimization and Clean-Up

Phase 4.1 Post Commit Optimization
INFO: [Timing 38-35] Done setting XDC timing constraints.

Phase 4.1.1 Post Placement Optimization
Post Placement Optimization Initialization | Checksum: 179ba7ea5

Phase 4.1.1.1 BUFG Insertion
INFO: [Place 46-31] BUFG insertion identified 0 candidate nets, 0 success, 0 skipped for placement/routing, 0 skipped for timing, 0 skipped for netlist change reason.
Phase 4.1.1.1 BUFG Insertion | Checksum: 179ba7ea5

Time (s): cpu = 00:00:09 ; elapsed = 00:00:08 . Memory (MB): peak = 1436.605 ; gain = 0.000
INFO: [Place 30-746] Post Placement Timing Summary WNS=4.222. For the most accurate timing information please run report_timing.
Phase 4.1.1 Post Placement Optimization | Checksum: 25aff7803

Time (s): cpu = 00:00:09 ; elapsed = 00:00:08 . Memory (MB): peak = 1436.605 ; gain = 0.000
Phase 4.1 Post Commit Optimization | Checksum: 25aff7803

Time (s): cpu = 00:00:09 ; elapsed = 00:00:08 . Memory (MB): peak = 1436.605 ; gain = 0.000

Phase 4.2 Post Placement Cleanup
Phase 4.2 Post Placement Cleanup | Checksum: 25aff7803

Time (s): cpu = 00:00:09 ; elapsed = 00:00:08 . Memory (MB): peak = 1436.605 ; gain = 0.000

Phase 4.3 Placer Reporting
Phase 4.3 Placer Reporting | Checksum: 25aff7803

Time (s): cpu = 00:00:09 ; elapsed = 00:00:08 . Memory (MB): peak = 1436.605 ; gain = 0.000

Phase 4.4 Final Placement Cleanup
Phase 4.4 Final Placement Cleanup | Checksum: 2449a9659

Time (s): cpu = 00:00:09 ; elapsed = 00:00:08 . Memory (MB): peak = 1436.605 ; gain = 0.000
Phase 4 Post Placement Optimization and Clean-Up | Checksum: 2449a9659

Time (s): cpu = 00:00:09 ; elapsed = 00:00:08 . Memory (MB): peak = 1436.605 ; gain = 0.000
Ending Placer Task | Checksum: 14ef2eea8

Time (s): cpu = 00:00:09 ; elapsed = 00:00:08 . Memory (MB): peak = 1436.605 ; gain = 0.000
INFO: [Common 17-83] Releasing license: Implementation
70 Infos, 0 Warnings, 0 Critical Warnings and 0 Errors encountered.
place_design completed successfully
place_design: Time (s): cpu = 00:00:10 ; elapsed = 00:00:09 . Memory (MB): peak = 1436.605 ; gain = 0.000
INFO: [Timing 38-480] Writing timing data to binary archive.
Writing placer database...
Writing XDEF routing.
Writing XDEF routing logical nets.
Writing XDEF routing special nets.
Write XDEF Complete: Time (s): cpu = 00:00:01 ; elapsed = 00:00:00.291 . Memory (MB): peak = 1436.605 ; gain = 0.000
INFO: [Common 17-1381] The checkpoint 'E:/2025 Courses/Digital_Diploma/Digital_Design_Projects/Project_2/vivado/vivado.runs/impl_1/SPI_top_module_placed.dcp' has been generated.
INFO: [runtcl-4] Executing : report_io -file SPI_top_module_io_placed.rpt
report_io: Time (s): cpu = 00:00:00 ; elapsed = 00:00:00.027 . Memory (MB): peak = 1436.605 ; gain = 0.000
INFO: [runtcl-4] Executing : report_utilization -file SPI_top_module_utilization_placed.rpt -pb SPI_top_module_utilization_placed.pb
report_utilization: Time (s): cpu = 00:00:00 ; elapsed = 00:00:00.065 . Memory (MB): peak = 1436.605 ; gain = 0.000
INFO: [runtcl-4] Executing : report_control_sets -verbose -file SPI_top_module_control_sets_placed.rpt
report_control_sets: Time (s): cpu = 00:00:00 ; elapsed = 00:00:00.022 . Memory (MB): peak = 1436.605 ; gain = 0.000
Command: route_design
Attempting to get a license for feature 'Implementation' and/or device 'xc7a35ti'
INFO: [Common 17-349] Got license for feature 'Implementation' and/or device 'xc7a35ti'
Running DRC as a precondition to command route_design
INFO: [DRC 23-27] Running DRC with 2 threads
INFO: [Vivado_Tcl 4-198] DRC finished with 0 Errors
INFO: [Vivado_Tcl 4-199] Please refer to the DRC report (report_drc) for more information.


Starting Routing Task
INFO: [Route 35-254] Multithreading enabled for route_design using a maximum of 2 CPUs
Checksum: PlaceDB: 7b7072ab ConstDB: 0 ShapeSum: d3827bfd RouteDB: 0

Phase 1 Build RT Design
Phase 1 Build RT Design | Checksum: f4bad710

Time (s): cpu = 00:00:24 ; elapsed = 00:00:23 . Memory (MB): peak = 1436.605 ; gain = 0.000
Post Restoration Checksum: NetGraph: 3d86b09d NumContArr: b7342673 Constraints: 0 Timing: 0

Phase 2 Router Initialization

Phase 2.1 Create Timer
Phase 2.1 Create Timer | Checksum: f4bad710

Time (s): cpu = 00:00:24 ; elapsed = 00:00:23 . Memory (MB): peak = 1436.605 ; gain = 0.000

Phase 2.2 Fix Topology Constraints
Phase 2.2 Fix Topology Constraints | Checksum: f4bad710

Time (s): cpu = 00:00:24 ; elapsed = 00:00:23 . Memory (MB): peak = 1436.605 ; gain = 0.000

Phase 2.3 Pre Route Cleanup
Phase 2.3 Pre Route Cleanup | Checksum: f4bad710

Time (s): cpu = 00:00:24 ; elapsed = 00:00:23 . Memory (MB): peak = 1436.605 ; gain = 0.000
 Number of Nodes with overlaps = 0

Phase 2.4 Update Timing
Phase 2.4 Update Timing | Checksum: 1f47092c9

Time (s): cpu = 00:00:25 ; elapsed = 00:00:24 . Memory (MB): peak = 1436.605 ; gain = 0.000
INFO: [Route 35-416] Intermediate Timing Summary | WNS=4.334  | TNS=0.000  | WHS=-1.126 | THS=-83.043|


Phase 2.5 Update Timing for Bus Skew

Phase 2.5.1 Update Timing
Phase 2.5.1 Update Timing | Checksum: 142bc6148

Time (s): cpu = 00:00:25 ; elapsed = 00:00:24 . Memory (MB): peak = 1436.605 ; gain = 0.000
INFO: [Route 35-416] Intermediate Timing Summary | WNS=4.334  | TNS=0.000  | WHS=N/A    | THS=N/A    |

Phase 2.5 Update Timing for Bus Skew | Checksum: 16939d264

Time (s): cpu = 00:00:25 ; elapsed = 00:00:24 . Memory (MB): peak = 1436.605 ; gain = 0.000
Phase 2 Router Initialization | Checksum: 1711596ec

Time (s): cpu = 00:00:25 ; elapsed = 00:00:24 . Memory (MB): peak = 1436.605 ; gain = 0.000

Phase 3 Initial Routing
Phase 3 Initial Routing | Checksum: 1592bd91c

Time (s): cpu = 00:00:26 ; elapsed = 00:00:24 . Memory (MB): peak = 1436.605 ; gain = 0.000

Phase 4 Rip-up And Reroute

Phase 4.1 Global Iteration 0
 Number of Nodes with overlaps = 248
 Number of Nodes with overlaps = 5
 Number of Nodes with overlaps = 1
 Number of Nodes with overlaps = 0
INFO: [Route 35-416] Intermediate Timing Summary | WNS=2.776  | TNS=0.000  | WHS=N/A    | THS=N/A    |

Phase 4.1 Global Iteration 0 | Checksum: 140f008d5

Time (s): cpu = 00:00:27 ; elapsed = 00:00:25 . Memory (MB): peak = 1436.605 ; gain = 0.000

Phase 4.2 Global Iteration 1
 Number of Nodes with overlaps = 0
INFO: [Route 35-416] Intermediate Timing Summary | WNS=2.776  | TNS=0.000  | WHS=N/A    | THS=N/A    |

Phase 4.2 Global Iteration 1 | Checksum: 1c738509c

Time (s): cpu = 00:00:27 ; elapsed = 00:00:25 . Memory (MB): peak = 1436.605 ; gain = 0.000
Phase 4 Rip-up And Reroute | Checksum: 1c738509c

Time (s): cpu = 00:00:27 ; elapsed = 00:00:25 . Memory (MB): peak = 1436.605 ; gain = 0.000

Phase 5 Delay and Skew Optimization

Phase 5.1 Delay CleanUp
Phase 5.1 Delay CleanUp | Checksum: 1c738509c

Time (s): cpu = 00:00:27 ; elapsed = 00:00:25 . Memory (MB): peak = 1436.605 ; gain = 0.000

Phase 5.2 Clock Skew Optimization
Phase 5.2 Clock Skew Optimization | Checksum: 1c738509c

Time (s): cpu = 00:00:27 ; elapsed = 00:00:25 . Memory (MB): peak = 1436.605 ; gain = 0.000
Phase 5 Delay and Skew Optimization | Checksum: 1c738509c

Time (s): cpu = 00:00:27 ; elapsed = 00:00:25 . Memory (MB): peak = 1436.605 ; gain = 0.000

Phase 6 Post Hold Fix

Phase 6.1 Hold Fix Iter

Phase 6.1.1 Update Timing
Phase 6.1.1 Update Timing | Checksum: 1034ef27d

Time (s): cpu = 00:00:27 ; elapsed = 00:00:25 . Memory (MB): peak = 1436.605 ; gain = 0.000
INFO: [Route 35-416] Intermediate Timing Summary | WNS=2.776  | TNS=0.000  | WHS=0.048  | THS=0.000  |

Phase 6.1 Hold Fix Iter | Checksum: 19f0acf70

Time (s): cpu = 00:00:27 ; elapsed = 00:00:25 . Memory (MB): peak = 1436.605 ; gain = 0.000
Phase 6 Post Hold Fix | Checksum: 19f0acf70

Time (s): cpu = 00:00:27 ; elapsed = 00:00:25 . Memory (MB): peak = 1436.605 ; gain = 0.000

Phase 7 Route finalize

Router Utilization Summary
  Global Vertical Routing Utilization    = 0.467751 %
  Global Horizontal Routing Utilization  = 0.607886 %
  Routable Net Status*
  *Does not include unroutable nets such as driverless and loadless.
  Run report_route_status for detailed report.
  Number of Failed Nets               = 0
  Number of Unrouted Nets             = 0
  Number of Partially Routed Nets     = 0
  Number of Node Overlaps             = 0

Phase 7 Route finalize | Checksum: 19f0acf70

Time (s): cpu = 00:00:27 ; elapsed = 00:00:25 . Memory (MB): peak = 1436.605 ; gain = 0.000

Phase 8 Verifying routed nets

 Verification completed successfully
Phase 8 Verifying routed nets | Checksum: 19f0acf70

Time (s): cpu = 00:00:27 ; elapsed = 00:00:25 . Memory (MB): peak = 1436.605 ; gain = 0.000

Phase 9 Depositing Routes
Phase 9 Depositing Routes | Checksum: 1ac980ecc

Time (s): cpu = 00:00:27 ; elapsed = 00:00:26 . Memory (MB): peak = 1436.605 ; gain = 0.000

Phase 10 Post Router Timing
INFO: [Route 35-57] Estimated Timing Summary | WNS=2.776  | TNS=0.000  | WHS=0.048  | THS=0.000  |

INFO: [Route 35-327] The final timing numbers are based on the router estimated timing analysis. For a complete and accurate timing signoff, please run report_timing_summary.
Phase 10 Post Router Timing | Checksum: 1ac980ecc

Time (s): cpu = 00:00:27 ; elapsed = 00:00:26 . Memory (MB): peak = 1436.605 ; gain = 0.000
INFO: [Route 35-16] Router Completed Successfully

Time (s): cpu = 00:00:27 ; elapsed = 00:00:26 . Memory (MB): peak = 1436.605 ; gain = 0.000

Routing Is Done.
INFO: [Common 17-83] Releasing license: Implementation
89 Infos, 0 Warnings, 0 Critical Warnings and 0 Errors encountered.
route_design completed successfully
route_design: Time (s): cpu = 00:00:29 ; elapsed = 00:00:27 . Memory (MB): peak = 1436.605 ; gain = 0.000
INFO: [Timing 38-480] Writing timing data to binary archive.
Writing placer database...
Writing XDEF routing.
Writing XDEF routing logical nets.
Writing XDEF routing special nets.
Write XDEF Complete: Time (s): cpu = 00:00:01 ; elapsed = 00:00:00.318 . Memory (MB): peak = 1436.605 ; gain = 0.000
INFO: [Common 17-1381] The checkpoint 'E:/2025 Courses/Digital_Diploma/Digital_Design_Projects/Project_2/vivado/vivado.runs/impl_1/SPI_top_module_routed.dcp' has been generated.
INFO: [runtcl-4] Executing : report_drc -file SPI_top_module_drc_routed.rpt -pb SPI_top_module_drc_routed.pb -rpx SPI_top_module_drc_routed.rpx
Command: report_drc -file SPI_top_module_drc_routed.rpt -pb SPI_top_module_drc_routed.pb -rpx SPI_top_module_drc_routed.rpx
INFO: [IP_Flow 19-1839] IP Catalog is up to date.
INFO: [DRC 23-27] Running DRC with 2 threads
INFO: [Coretcl 2-168] The results of DRC are in file E:/2025 Courses/Digital_Diploma/Digital_Design_Projects/Project_2/vivado/vivado.runs/impl_1/SPI_top_module_drc_routed.rpt.
report_drc completed successfully
INFO: [runtcl-4] Executing : report_methodology -file SPI_top_module_methodology_drc_routed.rpt -pb SPI_top_module_methodology_drc_routed.pb -rpx SPI_top_module_methodology_drc_routed.rpx
Command: report_methodology -file SPI_top_module_methodology_drc_routed.rpt -pb SPI_top_module_methodology_drc_routed.pb -rpx SPI_top_module_methodology_drc_routed.rpx
INFO: [Timing 38-35] Done setting XDC timing constraints.
INFO: [Timing 38-35] Done setting XDC timing constraints.
INFO: [DRC 23-133] Running Methodology with 2 threads
INFO: [Coretcl 2-1520] The results of Report Methodology are in file E:/2025 Courses/Digital_Diploma/Digital_Design_Projects/Project_2/vivado/vivado.runs/impl_1/SPI_top_module_methodology_drc_routed.rpt.
report_methodology completed successfully
INFO: [runtcl-4] Executing : report_power -file SPI_top_module_power_routed.rpt -pb SPI_top_module_power_summary_routed.pb -rpx SPI_top_module_power_routed.rpx
Command: report_power -file SPI_top_module_power_routed.rpt -pb SPI_top_module_power_summary_routed.pb -rpx SPI_top_module_power_routed.rpx
INFO: [Timing 38-35] Done setting XDC timing constraints.
Running Vector-less Activity Propagation...

Finished Running Vector-less Activity Propagation
102 Infos, 0 Warnings, 0 Critical Warnings and 0 Errors encountered.
report_power completed successfully
INFO: [runtcl-4] Executing : report_route_status -file SPI_top_module_route_status.rpt -pb SPI_top_module_route_status.pb
INFO: [runtcl-4] Executing : report_timing_summary -max_paths 10 -file SPI_top_module_timing_summary_routed.rpt -pb SPI_top_module_timing_summary_routed.pb -rpx SPI_top_module_timing_summary_routed.rpx -warn_on_violation 
INFO: [Timing 38-91] UpdateTimingParams: Speed grade: -1L, Delay Type: min_max, Timing Stage: Requireds.
INFO: [Timing 38-191] Multithreading enabled for timing update using a maximum of 2 CPUs
WARNING: [Timing 38-436] There are set_bus_skew constraint(s) in this design. Please run report_bus_skew to ensure that bus skew requirements are met.
INFO: [runtcl-4] Executing : report_incremental_reuse -file SPI_top_module_incremental_reuse_routed.rpt
INFO: [Vivado_Tcl 4-545] No incremental reuse to report, no incremental placement and routing data was found.
INFO: [runtcl-4] Executing : report_clock_utilization -file SPI_top_module_clock_utilization_routed.rpt
INFO: [runtcl-4] Executing : report_bus_skew -warn_on_violation -file SPI_top_module_bus_skew_routed.rpt -pb SPI_top_module_bus_skew_routed.pb -rpx SPI_top_module_bus_skew_routed.rpx
INFO: [Timing 38-91] UpdateTimingParams: Speed grade: -1L, Delay Type: min_max, Timing Stage: Requireds.
INFO: [Timing 38-191] Multithreading enabled for timing update using a maximum of 2 CPUs
INFO: [Common 17-206] Exiting Vivado at Tue Aug  5 19:34:39 2025...

*** Running vivado
    with args -log SPI_top_module.vdi -applog -m64 -product Vivado -messageDb vivado.pb -mode batch -source SPI_top_module.tcl -notrace


****** Vivado v2018.2 (64-bit)
  **** SW Build 2258646 on Thu Jun 14 20:03:12 MDT 2018
  **** IP Build 2256618 on Thu Jun 14 22:10:49 MDT 2018
    ** Copyright 1986-2018 Xilinx, Inc. All Rights Reserved.

source SPI_top_module.tcl -notrace
Command: open_checkpoint SPI_top_module_routed.dcp

Starting open_checkpoint Task

Time (s): cpu = 00:00:00 ; elapsed = 00:00:00.039 . Memory (MB): peak = 228.395 ; gain = 0.000
INFO: [Netlist 29-17] Analyzing 103 Unisim elements for replacement
INFO: [Netlist 29-28] Unisim Transformation completed in 1 CPU seconds
INFO: [Project 1-479] Netlist was created with Vivado 2018.2
INFO: [Device 21-403] Loading part xc7a35ticpg236-1L
INFO: [Project 1-570] Preparing netlist for logic optimization
INFO: [Chipscope 16-324] Core: u_ila_0 UUID: 23e7d65a-79bc-59f7-bc47-406c1714dfae 
INFO: [Timing 38-478] Restoring timing data from binary archive.
INFO: [Timing 38-479] Binary timing data restore complete.
INFO: [Project 1-856] Restoring constraints from binary archive.
INFO: [Project 1-853] Binary constraint restore complete.
Reading XDEF placement.
Reading placer database...
Reading XDEF routing.
Read XDEF File: Time (s): cpu = 00:00:01 ; elapsed = 00:00:00.333 . Memory (MB): peak = 1131.809 ; gain = 0.000
Restored from archive | CPU: 1.000000 secs | Memory: 0.000000 MB |
Finished XDEF File Restore: Time (s): cpu = 00:00:01 ; elapsed = 00:00:00.334 . Memory (MB): peak = 1131.809 ; gain = 0.000
INFO: [Project 1-111] Unisim Transformation Summary:
  A total of 54 instances were transformed.
  CFGLUT5 => CFGLUT5 (SRLC32E, SRL16E): 48 instances
  RAM32M => RAM32M (RAMD32, RAMD32, RAMD32, RAMD32, RAMD32, RAMD32, RAMS32, RAMS32): 6 instances

INFO: [Project 1-604] Checkpoint was created with Vivado v2018.2 (64-bit) build 2258646
open_checkpoint: Time (s): cpu = 00:00:33 ; elapsed = 00:00:36 . Memory (MB): peak = 1131.809 ; gain = 912.906
Command: write_bitstream -force SPI_top_module.bit
Attempting to get a license for feature 'Implementation' and/or device 'xc7a35ti'
INFO: [Common 17-349] Got license for feature 'Implementation' and/or device 'xc7a35ti'
Running DRC as a precondition to command write_bitstream
INFO: [IP_Flow 19-234] Refreshing IP repositories
INFO: [IP_Flow 19-1704] No user IP repositories specified
INFO: [IP_Flow 19-2313] Loaded Vivado IP repository 'E:/Xilinx/Vivado/2018.2/data/ip'.
INFO: [DRC 23-27] Running DRC with 2 threads
WARNING: [DRC RTSTAT-10] No routable loads: 25 net(s) have no routable loads. The problem bus(es) and/or net(s) are dbg_hub/inst/BSCANID.u_xsdbm_id/CORE_XSDB.UUT_MASTER/U_ICON_INTERFACE/U_CMD6_RD/U_RD_FIFO/SUBCORE_FIFO.xsdbm_v3_0_0_rdfifo_inst/inst_fifo_gen/gconvfifo.rf/grf.rf/gntv_or_sync_fifo.gl0.rd/gr1.gr1_int.rfwft/aempty_fwft_i, dbg_hub/inst/BSCANID.u_xsdbm_id/CORE_XSDB.UUT_MASTER/U_ICON_INTERFACE/U_CMD7_CTL/ctl_reg[2:0], dbg_hub/inst/BSCANID.u_xsdbm_id/CORE_XSDB.UUT_MASTER/U_ICON_INTERFACE/U_CMD1/ctl_reg_en_2[1], dbg_hub/inst/BSCANID.u_xsdbm_id/CORE_XSDB.UUT_MASTER/U_ICON_INTERFACE/U_CMD7_CTL/ctl_reg_en_2[1], dbg_hub/inst/BSCANID.u_xsdbm_id/SWITCH_N_EXT_BSCAN.bscan_switch/m_bscan_capture[0], dbg_hub/inst/BSCANID.u_xsdbm_id/SWITCH_N_EXT_BSCAN.bscan_switch/m_bscan_drck[0], dbg_hub/inst/BSCANID.u_xsdbm_id/SWITCH_N_EXT_BSCAN.bscan_switch/m_bscan_runtest[0], dbg_hub/inst/BSCANID.u_xsdbm_id/CORE_XSDB.UUT_MASTER/U_ICON_INTERFACE/U_CMD6_RD/U_RD_FIFO/SUBCORE_FIFO.xsdbm_v3_0_0_rdfifo_inst/inst_fifo_gen/gconvfifo.rf/grf.rf/gntv_or_sync_fifo.gl0.wr/gwhf.whf/overflow, dbg_hub/inst/BSCANID.u_xsdbm_id/CORE_XSDB.UUT_MASTER/U_ICON_INTERFACE/U_CMD6_WR/U_WR_FIFO/SUBCORE_FIFO.xsdbm_v3_0_0_wrfifo_inst/inst_fifo_gen/gconvfifo.rf/grf.rf/gntv_or_sync_fifo.gl0.wr/gwhf.whf/overflow, dbg_hub/inst/BSCANID.u_xsdbm_id/CORE_XSDB.UUT_MASTER/U_ICON_INTERFACE/U_CMD6_RD/U_RD_FIFO/SUBCORE_FIFO.xsdbm_v3_0_0_rdfifo_inst/inst_fifo_gen/gconvfifo.rf/grf.rf/gntv_or_sync_fifo.gl0.rd/gras.rsts/ram_empty_i, dbg_hub/inst/BSCANID.u_xsdbm_id/CORE_XSDB.UUT_MASTER/U_ICON_INTERFACE/U_CMD6_WR/U_WR_FIFO/SUBCORE_FIFO.xsdbm_v3_0_0_wrfifo_inst/inst_fifo_gen/gconvfifo.rf/grf.rf/gntv_or_sync_fifo.gl0.wr/gwas.wsts/ram_full_i, dbg_hub/inst/BSCANID.u_xsdbm_id/CORE_XSDB.UUT_MASTER/U_ICON_INTERFACE/U_CMD6_WR/U_WR_FIFO/SUBCORE_FIFO.xsdbm_v3_0_0_wrfifo_inst/inst_fifo_gen/gconvfifo.rf/grf.rf/rstblk/rd_rst_reg[0], dbg_hub/inst/BSCANID.u_xsdbm_id/SWITCH_N_EXT_BSCAN.bscan_inst/s_bscan_tms, u_ila_0/inst/ila_core_inst/u_ila_regs/U_XSDB_SLAVE/s_daddr_o[13], u_ila_0/inst/ila_core_inst/u_ila_regs/U_XSDB_SLAVE/s_daddr_o[14]... and (the first 15 of 23 listed).
INFO: [Vivado 12-3199] DRC finished with 0 Errors, 1 Warnings
INFO: [Vivado 12-3200] Please refer to the DRC report (report_drc) for more information.
INFO: [Designutils 20-2272] Running write_bitstream with 2 threads.
Loading data files...
Loading site data...
Loading route data...
Processing options...
Creating bitmap...
Creating bitstream...
Bitstream compression saved 13273728 bits.
Writing bitstream ./SPI_top_module.bit...
INFO: [Vivado 12-1842] Bitgen Completed Successfully.
INFO: [Project 1-120] WebTalk data collection is mandatory when using a WebPACK part without a full Vivado license. To see the specific WebTalk data collected for your design, open the usage_statistics_webtalk.html or usage_statistics_webtalk.xml file in the implementation directory.
INFO: [Common 17-83] Releasing license: Implementation
23 Infos, 1 Warnings, 0 Critical Warnings and 0 Errors encountered.
write_bitstream completed successfully
write_bitstream: Time (s): cpu = 00:00:14 ; elapsed = 00:00:17 . Memory (MB): peak = 1607.379 ; gain = 475.570
INFO: [Common 17-206] Exiting Vivado at Tue Aug  5 19:37:25 2025...
